検索ワード:電動昇降デスク　コスパ
Google順位:1位
Yahoo順位:2位
検索ワード:テレワーク　サボってしまう
Google順位:1位
Yahoo順位:2位
検索ワード:3
Google順位:圏外
Yahoo順位:11位以下
検索ワード:4
Google順位:圏外
Yahoo順位:11位以下
検索ワード:5
Google順位:圏外
Yahoo順位:11位以下
検索ワード:6
Google順位:圏外
Yahoo順位:11位以下
検索ワード:7
Google順位:圏外
Yahoo順位:11位以下
検索ワード:8
Google順位:圏外
Yahoo順位:11位以下
検索ワード:9
Google順位:圏外
Yahoo順位:11位以下
検索ワード:10
Google順位:圏外
Yahoo順位:11位以下
検索ワード: 
Google順位: 
Yahoo順位: 
検索ワード: 
Google順位: 
Yahoo順位: 

return  {'ok': True, 'channel': 'C02EXPMLPQX', 'ts': '1633691850.000100', 'message': {'bot_id': 'B02EXPEQGCX', 'type': 'message', 'text': '検索ワード:電動昇降デスク\u3000コスパ\nGoogle順位:1位\nYahoo順位:2位\n検索ワード:テレワーク\u3000サボってしまう\nGoogle順位:1位\nYahoo順位:2位\n検索ワード:3\nGoogle順位:圏外\nYahoo順位:11位以下\n検索ワード:4\nGoogle順位:圏外\nYahoo順位:11位以下\n検索ワード:5\nGoogle順位:圏外\nYahoo順位:11位以下\n検索ワード:6\nGoogle順位:圏外\nYahoo順位:11位以下\n検索ワード:7\nGoogle順位:圏外\nYahoo順位:11位以下\n検索ワード:8\nGoogle順位:圏外\nYahoo順位:11位以下\n検索ワード:9\nGoogle順位:圏外\nYahoo順位:11位以下\n検索ワード:10\nGoogle順位:圏外\nYahoo順位:11位以下\n検索ワード:\xa0\nGoogle順位:\xa0\nYahoo順位:\xa0\n検索ワード:\xa0\nGoogle順位:\xa0\nYahoo順位:\xa0\n', 'user': 'U02FJMK61T6', 'ts': '1633691850.000100', 'team': 'T02F959V0SZ', 'bot_profile': {'id': 'B02EXPEQGCX', 'app_id': 'A02FCF1N22X', 'name': 'MyApp', 'icons': {'image_36': 'https://a.slack-edge.com/80588/img/plugins/app/bot_36.png', 'image_48': 'https://a.slack-edge.com/80588/img/plugins/app/bot_48.png', 'image_72': 'https://a.slack-edge.com/80588/img/plugins/app/service_72.png'}, 'deleted': False, 'updated': 1632365490, 'team_id': 'T02F959V0SZ'}}}
検索ワード:電動昇降デスク　コスパ
Google順位:1位
Yahoo順位:2位
検索ワード:テレワーク　サボってしまう
Google順位:1位
Yahoo順位:2位
検索ワード:3
Google順位:圏外
Yahoo順位:11位以下
検索ワード:4
Google順位:圏外
Yahoo順位:11位以下
検索ワード:5
Google順位:圏外
Yahoo順位:11位以下
検索ワード:6
Google順位:圏外
Yahoo順位:11位以下
検索ワード:7
Google順位:圏外
Yahoo順位:11位以下
検索ワード:8
Google順位:圏外
Yahoo順位:11位以下
検索ワード:9
Google順位:圏外
Yahoo順位:11位以下
検索ワード:10
Google順位:圏外
Yahoo順位:11位以下
検索ワード: 
Google順位: 
Yahoo順位: 
検索ワード: 
Google順位: 
Yahoo順位: 

return  {'ok': True, 'channel': 'C02EXPMLPQX', 'ts': '1633691864.000200', 'message': {'bot_id': 'B02EXPEQGCX', 'type': 'message', 'text': '検索ワード:電動昇降デスク\u3000コスパ\nGoogle順位:1位\nYahoo順位:2位\n検索ワード:テレワーク\u3000サボってしまう\nGoogle順位:1位\nYahoo順位:2位\n検索ワード:3\nGoogle順位:圏外\nYahoo順位:11位以下\n検索ワード:4\nGoogle順位:圏外\nYahoo順位:11位以下\n検索ワード:5\nGoogle順位:圏外\nYahoo順位:11位以下\n検索ワード:6\nGoogle順位:圏外\nYahoo順位:11位以下\n検索ワード:7\nGoogle順位:圏外\nYahoo順位:11位以下\n検索ワード:8\nGoogle順位:圏外\nYahoo順位:11位以下\n検索ワード:9\nGoogle順位:圏外\nYahoo順位:11位以下\n検索ワード:10\nGoogle順位:圏外\nYahoo順位:11位以下\n検索ワード:\xa0\nGoogle順位:\xa0\nYahoo順位:\xa0\n検索ワード:\xa0\nGoogle順位:\xa0\nYahoo順位:\xa0\n', 'user': 'U02FJMK61T6', 'ts': '1633691864.000200', 'team': 'T02F959V0SZ', 'bot_profile': {'id': 'B02EXPEQGCX', 'app_id': 'A02FCF1N22X', 'name': 'MyApp', 'icons': {'image_36': 'https://a.slack-edge.com/80588/img/plugins/app/bot_36.png', 'image_48': 'https://a.slack-edge.com/80588/img/plugins/app/bot_48.png', 'image_72': 'https://a.slack-edge.com/80588/img/plugins/app/service_72.png'}, 'deleted': False, 'updated': 1632365490, 'team_id': 'T02F959V0SZ'}}}
検索ワード:電動昇降デスク　コスパ
Google順位:1位
Yahoo順位:2位
検索ワード:テレワーク　サボってしまう
Google順位:1位
Yahoo順位:2位
検索ワード:3
Google順位:圏外
Yahoo順位:11位以下
検索ワード:4
Google順位:圏外
Yahoo順位:11位以下
検索ワード:5
Google順位:圏外
Yahoo順位:11位以下
検索ワード:6
Google順位:圏外
Yahoo順位:11位以下
検索ワード:7
Google順位:圏外
Yahoo順位:11位以下
検索ワード:8
Google順位:圏外
Yahoo順位:11位以下
検索ワード:9
Google順位:圏外
Yahoo順位:11位以下
検索ワード:10
Google順位:圏外
Yahoo順位:11位以下
検索ワード: 
Google順位: 
Yahoo順位: 
検索ワード: 
Google順位: 
Yahoo順位: 

return  {'ok': True, 'channel': 'C02EXPMLPQX', 'ts': '1633691912.000300', 'message': {'bot_id': 'B02EXPEQGCX', 'type': 'message', 'text': '検索ワード:電動昇降デスク\u3000コスパ\nGoogle順位:1位\nYahoo順位:2位\n検索ワード:テレワーク\u3000サボってしまう\nGoogle順位:1位\nYahoo順位:2位\n検索ワード:3\nGoogle順位:圏外\nYahoo順位:11位以下\n検索ワード:4\nGoogle順位:圏外\nYahoo順位:11位以下\n検索ワード:5\nGoogle順位:圏外\nYahoo順位:11位以下\n検索ワード:6\nGoogle順位:圏外\nYahoo順位:11位以下\n検索ワード:7\nGoogle順位:圏外\nYahoo順位:11位以下\n検索ワード:8\nGoogle順位:圏外\nYahoo順位:11位以下\n検索ワード:9\nGoogle順位:圏外\nYahoo順位:11位以下\n検索ワード:10\nGoogle順位:圏外\nYahoo順位:11位以下\n検索ワード:\xa0\nGoogle順位:\xa0\nYahoo順位:\xa0\n検索ワード:\xa0\nGoogle順位:\xa0\nYahoo順位:\xa0\n', 'user': 'U02FJMK61T6', 'ts': '1633691912.000300', 'team': 'T02F959V0SZ', 'bot_profile': {'id': 'B02EXPEQGCX', 'app_id': 'A02FCF1N22X', 'name': 'MyApp', 'icons': {'image_36': 'https://a.slack-edge.com/80588/img/plugins/app/bot_36.png', 'image_48': 'https://a.slack-edge.com/80588/img/plugins/app/bot_48.png', 'image_72': 'https://a.slack-edge.com/80588/img/plugins/app/service_72.png'}, 'deleted': False, 'updated': 1632365490, 'team_id': 'T02F959V0SZ'}}}
検索ワード:電動昇降デスク　コスパ
Google順位:1位
Yahoo順位:2位
検索ワード:テレワーク　サボってしまう
Google順位:1位
Yahoo順位:2位
検索ワード:3
Google順位:圏外
Yahoo順位:11位以下
検索ワード:4
Google順位:圏外
Yahoo順位:11位以下
検索ワード:5
Google順位:圏外
Yahoo順位:11位以下
検索ワード:6
Google順位:圏外
Yahoo順位:11位以下
検索ワード:7
Google順位:圏外
Yahoo順位:11位以下
検索ワード:8
Google順位:圏外
Yahoo順位:11位以下
検索ワード:9
Google順位:圏外
Yahoo順位:11位以下
検索ワード:10
Google順位:圏外
Yahoo順位:11位以下
検索ワード: 
Google順位: 
Yahoo順位: 
検索ワード: 
Google順位: 
Yahoo順位: 

return  {'ok': True, 'channel': 'C02EXPMLPQX', 'ts': '1633691983.000400', 'message': {'bot_id': 'B02EXPEQGCX', 'type': 'message', 'text': '検索ワード:電動昇降デスク\u3000コスパ\nGoogle順位:1位\nYahoo順位:2位\n検索ワード:テレワーク\u3000サボってしまう\nGoogle順位:1位\nYahoo順位:2位\n検索ワード:3\nGoogle順位:圏外\nYahoo順位:11位以下\n検索ワード:4\nGoogle順位:圏外\nYahoo順位:11位以下\n検索ワード:5\nGoogle順位:圏外\nYahoo順位:11位以下\n検索ワード:6\nGoogle順位:圏外\nYahoo順位:11位以下\n検索ワード:7\nGoogle順位:圏外\nYahoo順位:11位以下\n検索ワード:8\nGoogle順位:圏外\nYahoo順位:11位以下\n検索ワード:9\nGoogle順位:圏外\nYahoo順位:11位以下\n検索ワード:10\nGoogle順位:圏外\nYahoo順位:11位以下\n検索ワード:\xa0\nGoogle順位:\xa0\nYahoo順位:\xa0\n検索ワード:\xa0\nGoogle順位:\xa0\nYahoo順位:\xa0\n', 'user': 'U02FJMK61T6', 'ts': '1633691983.000400', 'team': 'T02F959V0SZ', 'bot_profile': {'id': 'B02EXPEQGCX', 'app_id': 'A02FCF1N22X', 'name': 'MyApp', 'icons': {'image_36': 'https://a.slack-edge.com/80588/img/plugins/app/bot_36.png', 'image_48': 'https://a.slack-edge.com/80588/img/plugins/app/bot_48.png', 'image_72': 'https://a.slack-edge.com/80588/img/plugins/app/service_72.png'}, 'deleted': False, 'updated': 1632365490, 'team_id': 'T02F959V0SZ'}}}
検索ワード:電動昇降デスク　コスパ
Google順位:1位
Yahoo順位:2位
検索ワード:テレワーク　サボってしまう
Google順位:1位
Yahoo順位:2位
検索ワード:3
Google順位:圏外
Yahoo順位:11位以下
検索ワード:4
Google順位:圏外
Yahoo順位:11位以下
検索ワード:5
Google順位:圏外
Yahoo順位:11位以下
検索ワード:6
Google順位:圏外
Yahoo順位:11位以下
検索ワード:7
Google順位:圏外
Yahoo順位:11位以下
検索ワード:8
Google順位:圏外
Yahoo順位:11位以下
検索ワード:9
Google順位:圏外
Yahoo順位:11位以下
検索ワード:10
Google順位:圏外
Yahoo順位:11位以下
検索ワード: 
Google順位: 
Yahoo順位: 
検索ワード: 
Google順位: 
Yahoo順位: 

return  {'ok': True, 'channel': 'C02EXPMLPQX', 'ts': '1633692029.000500', 'message': {'bot_id': 'B02EXPEQGCX', 'type': 'message', 'text': '検索ワード:電動昇降デスク\u3000コスパ\nGoogle順位:1位\nYahoo順位:2位\n検索ワード:テレワーク\u3000サボってしまう\nGoogle順位:1位\nYahoo順位:2位\n検索ワード:3\nGoogle順位:圏外\nYahoo順位:11位以下\n検索ワード:4\nGoogle順位:圏外\nYahoo順位:11位以下\n検索ワード:5\nGoogle順位:圏外\nYahoo順位:11位以下\n検索ワード:6\nGoogle順位:圏外\nYahoo順位:11位以下\n検索ワード:7\nGoogle順位:圏外\nYahoo順位:11位以下\n検索ワード:8\nGoogle順位:圏外\nYahoo順位:11位以下\n検索ワード:9\nGoogle順位:圏外\nYahoo順位:11位以下\n検索ワード:10\nGoogle順位:圏外\nYahoo順位:11位以下\n検索ワード:\xa0\nGoogle順位:\xa0\nYahoo順位:\xa0\n検索ワード:\xa0\nGoogle順位:\xa0\nYahoo順位:\xa0\n', 'user': 'U02FJMK61T6', 'ts': '1633692029.000500', 'team': 'T02F959V0SZ', 'bot_profile': {'id': 'B02EXPEQGCX', 'app_id': 'A02FCF1N22X', 'name': 'MyApp', 'icons': {'image_36': 'https://a.slack-edge.com/80588/img/plugins/app/bot_36.png', 'image_48': 'https://a.slack-edge.com/80588/img/plugins/app/bot_48.png', 'image_72': 'https://a.slack-edge.com/80588/img/plugins/app/service_72.png'}, 'deleted': False, 'updated': 1632365490, 'team_id': 'T02F959V0SZ'}}}
検索ワード:電動昇降デスク　コスパ
Google順位:1位
Yahoo順位:2位
検索ワード:テレワーク　サボってしまう
Google順位:3位
Yahoo順位:2位
検索ワード:在宅勤務 サボり
Google順位:19位
Yahoo順位:11位以下
検索ワード:スマセル 売れない
Google順位:2位
Yahoo順位:1位
検索ワード:メルカリ airbods 偽物
Google順位:2位
Yahoo順位:2位
検索ワード:リモートワーク サボってしまう
Google順位:3位
Yahoo順位:2位
検索ワード:ルームシェア お金の管理
Google順位:2位
Yahoo順位:3位
検索ワード:スタンディングデスク コスパ
Google順位:2位
Yahoo順位:2位
検索ワード:fenge 電動昇降デスク レビュー
Google順位:3位
Yahoo順位:4位
検索ワード:ルームシェア 共同口座
Google順位:3位
Yahoo順位:3位
検索ワード: 
Google順位: 
Yahoo順位: 
検索ワード: 
Google順位: 
Yahoo順位: 

return  {'ok': True, 'channel': 'C02EXPMLPQX', 'ts': '1633902469.000100', 'message': {'bot_id': 'B02EXPEQGCX', 'type': 'message', 'text': '検索ワード:電動昇降デスク\u3000コスパ\nGoogle順位:1位\nYahoo順位:2位\n検索ワード:テレワーク\u3000サボってしまう\nGoogle順位:3位\nYahoo順位:2位\n検索ワード:在宅勤務 サボり\nGoogle順位:19位\nYahoo順位:11位以下\n検索ワード:スマセル 売れない\nGoogle順位:2位\nYahoo順位:1位\n検索ワード:メルカリ airbods 偽物\nGoogle順位:2位\nYahoo順位:2位\n検索ワード:リモートワーク サボってしまう\nGoogle順位:3位\nYahoo順位:2位\n検索ワード:ルームシェア お金の管理\nGoogle順位:2位\nYahoo順位:3位\n検索ワード:スタンディングデスク コスパ\nGoogle順位:2位\nYahoo順位:2位\n検索ワード:fenge 電動昇降デスク レビュー\nGoogle順位:3位\nYahoo順位:4位\n検索ワード:ルームシェア 共同口座\nGoogle順位:3位\nYahoo順位:3位\n検索ワード:\xa0\nGoogle順位:\xa0\nYahoo順位:\xa0\n検索ワード:\xa0\nGoogle順位:\xa0\nYahoo順位:\xa0\n', 'user': 'U02FJMK61T6', 'ts': '1633902469.000100', 'team': 'T02F959V0SZ', 'bot_profile': {'id': 'B02EXPEQGCX', 'app_id': 'A02FCF1N22X', 'name': 'MyApp', 'icons': {'image_36': 'https://a.slack-edge.com/80588/img/plugins/app/bot_36.png', 'image_48': 'https://a.slack-edge.com/80588/img/plugins/app/bot_48.png', 'image_72': 'https://a.slack-edge.com/80588/img/plugins/app/service_72.png'}, 'deleted': False, 'updated': 1632365490, 'team_id': 'T02F959V0SZ'}}}
検索ワード:電動昇降デスク　コスパ
Google順位:1位
Yahoo順位:2位
検索ワード:テレワーク　サボってしまう
Google順位:3位
Yahoo順位:2位
検索ワード:在宅勤務 サボり
Google順位:24位
Yahoo順位:11位以下
検索ワード:スマセル 売れない
Google順位:
Yahoo順位:1位
検索ワード:メルカリ airbods 偽物
Google順位:2位
Yahoo順位:2位
検索ワード:リモートワーク サボってしまう
Google順位:4位
Yahoo順位:4位
検索ワード:ルームシェア お金の管理
Google順位:2位
Yahoo順位:2位
検索ワード:スタンディングデスク コスパ
Google順位:2位
Yahoo順位:2位
検索ワード:fenge 電動昇降デスク レビュー
Google順位:3位
Yahoo順位:4位
検索ワード:ルームシェア 共同口座
Google順位:3位
Yahoo順位:3位
検索ワード: 
Google順位: 
Yahoo順位: 
検索ワード: 
Google順位: 
Yahoo順位: 

return  {'ok': True, 'channel': 'C02EXPMLPQX', 'ts': '1634161605.000100', 'message': {'bot_id': 'B02EXPEQGCX', 'type': 'message', 'text': '検索ワード:電動昇降デスク\u3000コスパ\nGoogle順位:1位\nYahoo順位:2位\n検索ワード:テレワーク\u3000サボってしまう\nGoogle順位:3位\nYahoo順位:2位\n検索ワード:在宅勤務 サボり\nGoogle順位:24位\nYahoo順位:11位以下\n検索ワード:スマセル 売れない\nGoogle順位:\nYahoo順位:1位\n検索ワード:メルカリ airbods 偽物\nGoogle順位:2位\nYahoo順位:2位\n検索ワード:リモートワーク サボってしまう\nGoogle順位:4位\nYahoo順位:4位\n検索ワード:ルームシェア お金の管理\nGoogle順位:2位\nYahoo順位:2位\n検索ワード:スタンディングデスク コスパ\nGoogle順位:2位\nYahoo順位:2位\n検索ワード:fenge 電動昇降デスク レビュー\nGoogle順位:3位\nYahoo順位:4位\n検索ワード:ルームシェア 共同口座\nGoogle順位:3位\nYahoo順位:3位\n検索ワード:\xa0\nGoogle順位:\xa0\nYahoo順位:\xa0\n検索ワード:\xa0\nGoogle順位:\xa0\nYahoo順位:\xa0\n', 'user': 'U02FJMK61T6', 'ts': '1634161605.000100', 'team': 'T02F959V0SZ', 'bot_profile': {'id': 'B02EXPEQGCX', 'app_id': 'A02FCF1N22X', 'name': 'MyApp', 'icons': {'image_36': 'https://a.slack-edge.com/80588/img/plugins/app/bot_36.png', 'image_48': 'https://a.slack-edge.com/80588/img/plugins/app/bot_48.png', 'image_72': 'https://a.slack-edge.com/80588/img/plugins/app/service_72.png'}, 'deleted': False, 'updated': 1632365490, 'team_id': 'T02F959V0SZ'}}}
Traceback (most recent call last):
  File "/Users/morishitaseiju/Documents/app/slack/bot-python/slack.py", line 40, in <module>
    driver = webdriver.Chrome('/opt/homebrew/bin/chromedriver')
  File "/opt/homebrew/lib/python3.9/site-packages/selenium/webdriver/chrome/webdriver.py", line 76, in __init__
    RemoteWebDriver.__init__(
  File "/opt/homebrew/lib/python3.9/site-packages/selenium/webdriver/remote/webdriver.py", line 157, in __init__
    self.start_session(capabilities, browser_profile)
  File "/opt/homebrew/lib/python3.9/site-packages/selenium/webdriver/remote/webdriver.py", line 252, in start_session
    response = self.execute(Command.NEW_SESSION, parameters)
  File "/opt/homebrew/lib/python3.9/site-packages/selenium/webdriver/remote/webdriver.py", line 321, in execute
    self.error_handler.check_response(response)
  File "/opt/homebrew/lib/python3.9/site-packages/selenium/webdriver/remote/errorhandler.py", line 242, in check_response
    raise exception_class(message, screen, stacktrace)
selenium.common.exceptions.WebDriverException: Message: unknown error: DevToolsActivePort file doesn't exist

Traceback (most recent call last):
  File "/Users/morishitaseiju/Documents/app/slack/bot-python/slack.py", line 26, in <module>
    credentials = ServiceAccountCredentials.from_json_keyfile_name('./search-tracker-328413-2f7d16436ff4.json', scope)
  File "/opt/homebrew/lib/python3.9/site-packages/oauth2client/service_account.py", line 219, in from_json_keyfile_name
    with open(filename, 'r') as file_obj:
FileNotFoundError: [Errno 2] No such file or directory: './search-tracker-328413-2f7d16436ff4.json'
Traceback (most recent call last):
  File "/Users/morishitaseiju/Documents/app/slack/bot-python/slack.py", line 26, in <module>
    credentials = ServiceAccountCredentials.from_json_keyfile_name('./search-tracker-328413-2f7d16436ff4.json', scope)
  File "/opt/homebrew/lib/python3.9/site-packages/oauth2client/service_account.py", line 219, in from_json_keyfile_name
    with open(filename, 'r') as file_obj:
FileNotFoundError: [Errno 2] No such file or directory: './search-tracker-328413-2f7d16436ff4.json'
  File "/Users/morishitaseiju/Documents/app/slack/bot-python/slack.py", line 138
    post_text += ('検索ワード:' +item.get_text()).replace('\u3000', ' ')replace('\xa0', '-') + "\n"
                                                                   ^
SyntaxError: invalid syntax
Traceback (most recent call last):
  File "/Users/morishitaseiju/Documents/app/slack/bot-python/slack.py", line 27, in <module>
    credentials = ServiceAccountCredentials.from_json_keyfile_name('./search-tracker-328413-2f7d16436ff4.json', scope)
  File "/opt/homebrew/lib/python3.9/site-packages/oauth2client/service_account.py", line 219, in from_json_keyfile_name
    with open(filename, 'r') as file_obj:
FileNotFoundError: [Errno 2] No such file or directory: './search-tracker-328413-2f7d16436ff4.json'
Traceback (most recent call last):
  File "/Users/morishitaseiju/Documents/app/slack/bot-python/slack.py", line 27, in <module>
    credentials = ServiceAccountCredentials.from_json_keyfile_name('./search-tracker-328413-2f7d16436ff4.json', scope)
  File "/opt/homebrew/lib/python3.9/site-packages/oauth2client/service_account.py", line 219, in from_json_keyfile_name
    with open(filename, 'r') as file_obj:
FileNotFoundError: [Errno 2] No such file or directory: './search-tracker-328413-2f7d16436ff4.json'
['電動昇降デスク コスパ', '1位', '2位', 'テレワーク サボってしまう', '3位', '3位', '在宅勤務 サボり', '25位', '11位以下', 'スマセル 売れない', '2位', '2位', 'メルカリ airbods 偽物', '2位', '2位', 'リモートワーク サボってしまう', '3位', '3位', 'ルームシェア お金の管理', '2位', '2位', 'スタンディングデスク コスパ', '6位', '4位', 'fenge 電動昇降デスク レビュー', '4位', '6位', 'ルームシェア 共同口座', '2位', '2位']
電動昇降デスク コスパ
1位
2位
テレワーク サボってしまう
3位
3位
在宅勤務 サボり
25位
11位以下
スマセル 売れない
2位
2位
メルカリ airbods 偽物
2位
2位
リモートワーク サボってしまう
3位
3位
ルームシェア お金の管理
2位
2位
スタンディングデスク コスパ
6位
4位
fenge 電動昇降デスク レビュー
4位
6位
ルームシェア 共同口座
2位
2位
['電動昇降デスク コスパ', '1位', '2位', 'テレワーク サボってしまう', '3位', '3位', '在宅勤務 サボり', '32位', '11位以下', 'スマセル 売れない', '2位', '2位', 'メルカリ airbods 偽物', '2位', '2位', 'リモートワーク サボってしまう', '3位', '3位', 'ルームシェア お金の管理', '2位', '2位', 'スタンディングデスク コスパ', '3位', '4位', 'fenge 電動昇降デスク レビュー', '5位', '6位', 'ルームシェア 共同口座', '3位', '3位']
電動昇降デスク コスパ
1位
2位
テレワーク サボってしまう
3位
3位
在宅勤務 サボり
32位
11位以下
スマセル 売れない
2位
2位
メルカリ airbods 偽物
2位
2位
リモートワーク サボってしまう
3位
3位
ルームシェア お金の管理
2位
2位
スタンディングデスク コスパ
3位
4位
fenge 電動昇降デスク レビュー
5位
6位
ルームシェア 共同口座
3位
3位
['電動昇降デスク コスパ', '1位', '2位', 'テレワーク サボってしまう', '2位', '3位', '在宅勤務 サボり', '32位', '11位以下', 'スマセル 売れない', '2位', '2位', 'メルカリ airbods 偽物', '1位', '1位', 'リモートワーク サボってしまう', '3位', '3位', 'ルームシェア お金の管理', '2位', '2位', 'スタンディングデスク コスパ', '3位', '4位', 'fenge 電動昇降デスク レビュー', '5位', '6位', 'ルームシェア 共同口座', '3位', '3位']
電動昇降デスク コスパ
1位
2位
テレワーク サボってしまう
2位
3位
在宅勤務 サボり
32位
11位以下
スマセル 売れない
2位
2位
メルカリ airbods 偽物
1位
1位
リモートワーク サボってしまう
3位
3位
ルームシェア お金の管理
2位
2位
スタンディングデスク コスパ
3位
4位
fenge 電動昇降デスク レビュー
5位
6位
ルームシェア 共同口座
3位
3位
['電動昇降デスク コスパ', '1位', '2位', 'テレワーク サボってしまう', '2位', '2位', '在宅勤務 サボり', '29位', '11位以下', 'スマセル 売れない', '2位', '2位', 'メルカリ airbods 偽物', '2位', '2位', 'リモートワーク サボってしまう', '3位', '3位', 'ルームシェア お金の管理', '2位', '2位', 'スタンディングデスク コスパ', '3位', '3位', 'fenge 電動昇降デスク レビュー', '5位', '6位', 'ルームシェア 共同口座', '3位', '3位']
電動昇降デスク コスパ
1位
2位
テレワーク サボってしまう
2位
2位
在宅勤務 サボり
29位
11位以下
スマセル 売れない
2位
2位
メルカリ airbods 偽物
2位
2位
リモートワーク サボってしまう
3位
3位
ルームシェア お金の管理
2位
2位
スタンディングデスク コスパ
3位
3位
fenge 電動昇降デスク レビュー
5位
6位
ルームシェア 共同口座
3位
3位
Traceback (most recent call last):
  File "/Users/morishitaseiju/Documents/app/slack/bot-python/slack.py", line 66, in <module>
    driver = webdriver.Chrome()
  File "/opt/homebrew/lib/python3.9/site-packages/selenium/webdriver/chrome/webdriver.py", line 76, in __init__
    RemoteWebDriver.__init__(
  File "/opt/homebrew/lib/python3.9/site-packages/selenium/webdriver/remote/webdriver.py", line 157, in __init__
    self.start_session(capabilities, browser_profile)
  File "/opt/homebrew/lib/python3.9/site-packages/selenium/webdriver/remote/webdriver.py", line 252, in start_session
    response = self.execute(Command.NEW_SESSION, parameters)
  File "/opt/homebrew/lib/python3.9/site-packages/selenium/webdriver/remote/webdriver.py", line 321, in execute
    self.error_handler.check_response(response)
  File "/opt/homebrew/lib/python3.9/site-packages/selenium/webdriver/remote/errorhandler.py", line 242, in check_response
    raise exception_class(message, screen, stacktrace)
selenium.common.exceptions.SessionNotCreatedException: Message: session not created: This version of ChromeDriver only supports Chrome version 96
Current browser version is 98.0.4758.80 with binary path /Applications/Google Chrome.app/Contents/MacOS/Google Chrome



====== WebDriver manager ======
Current google-chrome version is 99.0.4844
Get LATEST chromedriver version for 99.0.4844 google-chrome
There is no [mac64_m1] chromedriver for browser  in cache
Trying to download new driver from https://chromedriver.storage.googleapis.com/99.0.4844.51/chromedriver_mac64_m1.zip
Driver has been saved in cache [/Users/morishitaseiju/.wdm/drivers/chromedriver/mac64_m1/99.0.4844.51]
['電動昇降デスク コスパ', '1位', '2位', 'テレワーク サボってしまう', '3位', '3位', '在宅勤務 サボり', '65位', '11位以下', 'スマセル 売れない', '1位', 'failed', 'メルカリ airbods 偽物', 'failed', 'failed', 'リモートワーク サボってしまう', '4位', 'failed', 'ルームシェア お金の管理', '2位', '2位', 'スタンディングデスク コスパ', '2位', '3位', 'fenge 電動昇降デスク レビュー', '4位', '5位', 'ルームシェア 共同口座', '3位', '3位']
電動昇降デスク コスパ
1位
2位
テレワーク サボってしまう
3位
3位
在宅勤務 サボり
65位
11位以下
スマセル 売れない
1位
failed
メルカリ airbods 偽物
failed
failed
リモートワーク サボってしまう
4位
failed
ルームシェア お金の管理
2位
2位
スタンディングデスク コスパ
2位
3位
fenge 電動昇降デスク レビュー
4位
5位
ルームシェア 共同口座
3位
3位


====== WebDriver manager ======
Current google-chrome version is 101.0.4951
Get LATEST chromedriver version for 101.0.4951 google-chrome
There is no [mac64_m1] chromedriver for browser  in cache
Trying to download new driver from https://chromedriver.storage.googleapis.com/101.0.4951.41/chromedriver_mac64_m1.zip
Driver has been saved in cache [/Users/morishitaseiju/.wdm/drivers/chromedriver/mac64_m1/101.0.4951.41]
['電動昇降デスク コスパ', '1位', '2位', 'テレワーク サボってしまう', '4位', '5位', '在宅勤務 サボり', '62位', '11位以下', 'スマセル 売れない', '1位', '1位', 'メルカリ airbods 偽物', '1位', '1位', 'リモートワーク サボってしまう', '4位', '', 'ルームシェア お金の管理', '2位', '2位', 'スタンディングデスク コスパ', '3位', '4位', 'fenge 電動昇降デスク レビュー', '4位', '4位', 'ルームシェア 共同口座', '3位', '3位']
電動昇降デスク コスパ
1位
2位
テレワーク サボってしまう
4位
5位
在宅勤務 サボり
62位
11位以下
スマセル 売れない
1位
1位
メルカリ airbods 偽物
1位
1位
リモートワーク サボってしまう
4位

ルームシェア お金の管理
2位
2位
スタンディングデスク コスパ
3位
4位
fenge 電動昇降デスク レビュー
4位
4位
ルームシェア 共同口座
3位
3位


====== WebDriver manager ======
Current google-chrome version is 101.0.4951
Get LATEST chromedriver version for 101.0.4951 google-chrome
Trying to download new driver from https://chromedriver.storage.googleapis.com/101.0.4951.41/chromedriver_mac64_m1.zip
Driver has been saved in cache [/Users/morishitaseiju/.wdm/drivers/chromedriver/mac64_m1/101.0.4951.41]
['電動昇降デスク コスパ', '1位', '2位', 'テレワーク サボってしまう', '4位', '4位', '在宅勤務 サボり', '78位', '11位以下', 'スマセル 売れない', '2位', '2位', 'メルカリ airbods 偽物', '1位', '1位', 'リモートワーク サボってしまう', '4位', '4位', 'ルームシェア お金の管理', '2位', '2位', 'スタンディングデスク コスパ', '2位', '2位', 'fenge 電動昇降デスク レビュー', '4位', '5位', 'ルームシェア 共同口座', '3位', '3位']
電動昇降デスク コスパ
1位
2位
テレワーク サボってしまう
4位
4位
在宅勤務 サボり
78位
11位以下
スマセル 売れない
2位
2位
メルカリ airbods 偽物
1位
1位
リモートワーク サボってしまう
4位
4位
ルームシェア お金の管理
2位
2位
スタンディングデスク コスパ
2位
2位
fenge 電動昇降デスク レビュー
4位
5位
ルームシェア 共同口座
3位
3位


====== WebDriver manager ======
Current google-chrome version is 103.0.5060
Get LATEST chromedriver version for 103.0.5060 google-chrome
There is no [mac64_m1] chromedriver for browser  in cache
Trying to download new driver from https://chromedriver.storage.googleapis.com/103.0.5060.134/chromedriver_mac64_m1.zip
Driver has been saved in cache [/Users/morishitaseiju/.wdm/drivers/chromedriver/mac64_m1/103.0.5060.134]
['電動昇降デスク コスパ', '1位', '2位', 'テレワーク サボってしまう', '5位', '5位', '在宅勤務 サボり', '39位', '11位以下', 'スマセル 売れない', '1位', '1位', 'メルカリ airbods 偽物', '1位', '1位', 'リモートワーク サボってしまう', '5位', '6位', 'ルームシェア お金の管理', '', '2位', 'スタンディングデスク コスパ', '', '3位', 'fenge 電動昇降デスク レビュー', '', '3位', 'ルームシェア 共同口座', '2位', '2位']
電動昇降デスク コスパ
1位
2位
Traceback (most recent call last):
  File "/opt/homebrew/lib/python3.9/site-packages/urllib3/connectionpool.py", line 699, in urlopen
    httplib_response = self._make_request(
  File "/opt/homebrew/lib/python3.9/site-packages/urllib3/connectionpool.py", line 445, in _make_request
    six.raise_from(e, None)
  File "<string>", line 3, in raise_from
  File "/opt/homebrew/lib/python3.9/site-packages/urllib3/connectionpool.py", line 440, in _make_request
    httplib_response = conn.getresponse()
  File "/opt/homebrew/Cellar/python@3.9/3.9.10/Frameworks/Python.framework/Versions/3.9/lib/python3.9/http/client.py", line 1377, in getresponse
    response.begin()
  File "/opt/homebrew/Cellar/python@3.9/3.9.10/Frameworks/Python.framework/Versions/3.9/lib/python3.9/http/client.py", line 320, in begin
    version, status, reason = self._read_status()
  File "/opt/homebrew/Cellar/python@3.9/3.9.10/Frameworks/Python.framework/Versions/3.9/lib/python3.9/http/client.py", line 281, in _read_status
    line = str(self.fp.readline(_MAXLINE + 1), "iso-8859-1")
  File "/opt/homebrew/Cellar/python@3.9/3.9.10/Frameworks/Python.framework/Versions/3.9/lib/python3.9/socket.py", line 704, in readinto
    return self._sock.recv_into(b)
  File "/opt/homebrew/Cellar/python@3.9/3.9.10/Frameworks/Python.framework/Versions/3.9/lib/python3.9/ssl.py", line 1241, in recv_into
    return self.read(nbytes, buffer)
  File "/opt/homebrew/Cellar/python@3.9/3.9.10/Frameworks/Python.framework/Versions/3.9/lib/python3.9/ssl.py", line 1099, in read
    return self._sslobj.read(len, buffer)
ConnectionResetError: [Errno 54] Connection reset by peer

During handling of the above exception, another exception occurred:

Traceback (most recent call last):
  File "/opt/homebrew/lib/python3.9/site-packages/requests/adapters.py", line 439, in send
    resp = conn.urlopen(
  File "/opt/homebrew/lib/python3.9/site-packages/urllib3/connectionpool.py", line 755, in urlopen
    retries = retries.increment(
  File "/opt/homebrew/lib/python3.9/site-packages/urllib3/util/retry.py", line 532, in increment
    raise six.reraise(type(error), error, _stacktrace)
  File "/opt/homebrew/lib/python3.9/site-packages/urllib3/packages/six.py", line 769, in reraise
    raise value.with_traceback(tb)
  File "/opt/homebrew/lib/python3.9/site-packages/urllib3/connectionpool.py", line 699, in urlopen
    httplib_response = self._make_request(
  File "/opt/homebrew/lib/python3.9/site-packages/urllib3/connectionpool.py", line 445, in _make_request
    six.raise_from(e, None)
  File "<string>", line 3, in raise_from
  File "/opt/homebrew/lib/python3.9/site-packages/urllib3/connectionpool.py", line 440, in _make_request
    httplib_response = conn.getresponse()
  File "/opt/homebrew/Cellar/python@3.9/3.9.10/Frameworks/Python.framework/Versions/3.9/lib/python3.9/http/client.py", line 1377, in getresponse
    response.begin()
  File "/opt/homebrew/Cellar/python@3.9/3.9.10/Frameworks/Python.framework/Versions/3.9/lib/python3.9/http/client.py", line 320, in begin
    version, status, reason = self._read_status()
  File "/opt/homebrew/Cellar/python@3.9/3.9.10/Frameworks/Python.framework/Versions/3.9/lib/python3.9/http/client.py", line 281, in _read_status
    line = str(self.fp.readline(_MAXLINE + 1), "iso-8859-1")
  File "/opt/homebrew/Cellar/python@3.9/3.9.10/Frameworks/Python.framework/Versions/3.9/lib/python3.9/socket.py", line 704, in readinto
    return self._sock.recv_into(b)
  File "/opt/homebrew/Cellar/python@3.9/3.9.10/Frameworks/Python.framework/Versions/3.9/lib/python3.9/ssl.py", line 1241, in recv_into
    return self.read(nbytes, buffer)
  File "/opt/homebrew/Cellar/python@3.9/3.9.10/Frameworks/Python.framework/Versions/3.9/lib/python3.9/ssl.py", line 1099, in read
    return self._sslobj.read(len, buffer)
urllib3.exceptions.ProtocolError: ('Connection aborted.', ConnectionResetError(54, 'Connection reset by peer'))

During handling of the above exception, another exception occurred:

Traceback (most recent call last):
  File "/opt/homebrew/lib/python3.9/site-packages/google/auth/transport/requests.py", line 178, in __call__
    response = self.session.request(
  File "/opt/homebrew/lib/python3.9/site-packages/requests/sessions.py", line 542, in request
    resp = self.send(prep, **send_kwargs)
  File "/opt/homebrew/lib/python3.9/site-packages/requests/sessions.py", line 655, in send
    r = adapter.send(request, **kwargs)
  File "/opt/homebrew/lib/python3.9/site-packages/requests/adapters.py", line 498, in send
    raise ConnectionError(err, request=request)
requests.exceptions.ConnectionError: ('Connection aborted.', ConnectionResetError(54, 'Connection reset by peer'))

The above exception was the direct cause of the following exception:

Traceback (most recent call last):
  File "/Users/morishitaseiju/Documents/app/slack/bot-python/slack.py", line 155, in <module>
    cell = worksheet.find(item[0])
  File "/opt/homebrew/lib/python3.9/site-packages/gspread/models.py", line 1979, in find
    return self._finder(finditem, query, in_row, in_column)
  File "/opt/homebrew/lib/python3.9/site-packages/gspread/models.py", line 1926, in _finder
    data = self.spreadsheet.values_get(absolute_range_name(self.title))
  File "/opt/homebrew/lib/python3.9/site-packages/gspread/models.py", line 221, in values_get
    r = self.client.request('get', url, params=params)
  File "/opt/homebrew/lib/python3.9/site-packages/gspread/client.py", line 64, in request
    response = getattr(self.session, method)(
  File "/opt/homebrew/lib/python3.9/site-packages/requests/sessions.py", line 555, in get
    return self.request('GET', url, **kwargs)
  File "/opt/homebrew/lib/python3.9/site-packages/google/auth/transport/requests.py", line 471, in request
    self.credentials.before_request(auth_request, method, url, request_headers)
  File "/opt/homebrew/lib/python3.9/site-packages/google/auth/credentials.py", line 130, in before_request
    self.refresh(request)
  File "/opt/homebrew/lib/python3.9/site-packages/google/oauth2/service_account.py", line 410, in refresh
    access_token, expiry, _ = _client.jwt_grant(
  File "/opt/homebrew/lib/python3.9/site-packages/google/oauth2/_client.py", line 191, in jwt_grant
    response_data = _token_endpoint_request(request, token_uri, body)
  File "/opt/homebrew/lib/python3.9/site-packages/google/oauth2/_client.py", line 159, in _token_endpoint_request
    response_status_ok, response_data = _token_endpoint_request_no_throw(
  File "/opt/homebrew/lib/python3.9/site-packages/google/oauth2/_client.py", line 113, in _token_endpoint_request_no_throw
    response = request(method="POST", url=token_uri, headers=headers, body=body)
  File "/opt/homebrew/lib/python3.9/site-packages/google/auth/transport/requests.py", line 184, in __call__
    raise new_exc from caught_exc
google.auth.exceptions.TransportError: ('Connection aborted.', ConnectionResetError(54, 'Connection reset by peer'))


====== WebDriver manager ======
Current google-chrome version is 104.0.5112
Get LATEST chromedriver version for 104.0.5112 google-chrome
There is no [mac64_m1] chromedriver for browser  in cache
Trying to download new driver from https://chromedriver.storage.googleapis.com/104.0.5112.79/chromedriver_mac64_m1.zip
Driver has been saved in cache [/Users/morishitaseiju/.wdm/drivers/chromedriver/mac64_m1/104.0.5112.79]
['電動昇降デスク コスパ', '1位', '2位', 'テレワーク サボってしまう', '5位', '5位', '在宅勤務 サボり', '36位', '11位以下', 'スマセル 売れない', '1位', '1位', 'メルカリ airbods 偽物', '1位', '1位', 'リモートワーク サボってしまう', '5位', '5位', 'ルームシェア お金の管理', '2位', '2位', 'スタンディングデスク コスパ', '2位', '2位', 'fenge 電動昇降デスク レビュー', '3位', '3位', 'ルームシェア 共同口座', '2位', '2位']
電動昇降デスク コスパ
1位
2位
テレワーク サボってしまう
5位
5位
在宅勤務 サボり
36位
11位以下
スマセル 売れない
1位
1位
メルカリ airbods 偽物
1位
1位
リモートワーク サボってしまう
5位
5位
ルームシェア お金の管理
2位
2位
スタンディングデスク コスパ
2位
2位
fenge 電動昇降デスク レビュー
3位
3位
ルームシェア 共同口座
2位
2位


====== WebDriver manager ======
Current google-chrome version is 104.0.5112
Get LATEST chromedriver version for 104.0.5112 google-chrome
Trying to download new driver from https://chromedriver.storage.googleapis.com/104.0.5112.79/chromedriver_mac64_m1.zip
Driver has been saved in cache [/Users/morishitaseiju/.wdm/drivers/chromedriver/mac64_m1/104.0.5112.79]
['電動昇降デスク コスパ', '1位', '2位', 'テレワーク サボってしまう', '5位', '5位', '在宅勤務 サボり', '48位', '11位以下', 'スマセル 売れない', '1位', '1位', 'メルカリ airbods 偽物', '1位', '1位', 'リモートワーク サボってしまう', '5位', '6位', 'ルームシェア お金の管理', '2位', '2位', 'スタンディングデスク コスパ', '2位', '2位', 'fenge 電動昇降デスク レビュー', '3位', '3位', 'ルームシェア 共同口座', '2位', '3位']
電動昇降デスク コスパ
1位
2位
テレワーク サボってしまう
5位
5位
在宅勤務 サボり
48位
11位以下
スマセル 売れない
1位
1位
メルカリ airbods 偽物
1位
1位
リモートワーク サボってしまう
5位
6位
ルームシェア お金の管理
2位
2位
スタンディングデスク コスパ
2位
2位
fenge 電動昇降デスク レビュー
3位
3位
ルームシェア 共同口座
2位
3位
